{"C:\\Users\\Bahadir\\Desktop\\personal\\popup-generator\\app\\page.tsx": {"path":"C:\\Users\\Bahadir\\Desktop\\personal\\popup-generator\\app\\page.tsx","statementMap":{"0":{"start":{"line":5,"column":24},"end":{"line":5,"column":null}},"1":{"start":{"line":2,"column":18},"end":{"line":2,"column":null}},"2":{"start":{"line":3,"column":25},"end":{"line":3,"column":null}}},"fnMap":{"0":{"name":"Home","decl":{"start":{"line":5,"column":24},"end":{"line":5,"column":null}},"loc":{"start":{"line":5,"column":24},"end":{"line":16,"column":null}}}},"branchMap":{},"s":{"0":1,"1":1,"2":1},"f":{"0":1},"b":{}}
,"C:\\Users\\Bahadir\\Desktop\\personal\\popup-generator\\app\\generate-popup\\page.tsx": {"path":"C:\\Users\\Bahadir\\Desktop\\personal\\popup-generator\\app\\generate-popup\\page.tsx","statementMap":{"0":{"start":{"line":5,"column":24},"end":{"line":5,"column":null}},"1":{"start":{"line":2,"column":22},"end":{"line":2,"column":null}},"2":{"start":{"line":3,"column":17},"end":{"line":3,"column":null}}},"fnMap":{"0":{"name":"Page","decl":{"start":{"line":5,"column":24},"end":{"line":5,"column":null}},"loc":{"start":{"line":5,"column":24},"end":{"line":21,"column":null}}}},"branchMap":{},"s":{"0":1,"1":1,"2":1},"f":{"0":1},"b":{}}
,"C:\\Users\\Bahadir\\Desktop\\personal\\popup-generator\\components\\CheckboxField.tsx": {"path":"C:\\Users\\Bahadir\\Desktop\\personal\\popup-generator\\components\\CheckboxField.tsx","statementMap":{"0":{"start":{"line":33,"column":0},"end":{"line":33,"column":15}},"1":{"start":{"line":9,"column":52},"end":{"line":31,"column":null}},"2":{"start":{"line":16,"column":29},"end":{"line":16,"column":78}},"3":{"start":{"line":33,"column":15},"end":{"line":33,"column":null}}},"fnMap":{"0":{"name":"(anonymous_1)","decl":{"start":{"line":9,"column":52},"end":{"line":9,"column":53}},"loc":{"start":{"line":15,"column":1},"end":{"line":31,"column":null}}}},"branchMap":{"0":{"loc":{"start":{"line":26,"column":13},"end":{"line":26,"column":null}},"type":"binary-expr","locations":[{"start":{"line":26,"column":13},"end":{"line":26,"column":null}}]}},"s":{"0":4,"1":2,"2":4,"3":2},"f":{"0":4},"b":{"0":[4]}}
,"C:\\Users\\Bahadir\\Desktop\\personal\\popup-generator\\components\\CodeBlock.tsx": {"path":"C:\\Users\\Bahadir\\Desktop\\personal\\popup-generator\\components\\CodeBlock.tsx","statementMap":{"0":{"start":{"line":43,"column":0},"end":{"line":43,"column":15}},"1":{"start":{"line":1,"column":23},"end":{"line":1,"column":null}},"2":{"start":{"line":2,"column":25},"end":{"line":2,"column":null}},"3":{"start":{"line":4,"column":28},"end":{"line":41,"column":null}},"4":{"start":{"line":5,"column":25},"end":{"line":5,"column":null}},"5":{"start":{"line":6,"column":26},"end":{"line":6,"column":null}},"6":{"start":{"line":8,"column":28},"end":{"line":18,"column":null}},"7":{"start":{"line":9,"column":27},"end":{"line":9,"column":null}},"8":{"start":{"line":10,"column":8},"end":{"line":17,"column":null}},"9":{"start":{"line":13,"column":16},"end":{"line":13,"column":null}},"10":{"start":{"line":16,"column":16},"end":{"line":16,"column":null}},"11":{"start":{"line":43,"column":15},"end":{"line":43,"column":null}}},"fnMap":{"0":{"name":"(anonymous_1)","decl":{"start":{"line":4,"column":28},"end":{"line":4,"column":null}},"loc":{"start":{"line":4,"column":28},"end":{"line":41,"column":null}}},"1":{"name":"(anonymous_2)","decl":{"start":{"line":8,"column":28},"end":{"line":8,"column":null}},"loc":{"start":{"line":8,"column":28},"end":{"line":18,"column":null}}},"2":{"name":"(anonymous_3)","decl":{"start":{"line":12,"column":18},"end":{"line":12,"column":null}},"loc":{"start":{"line":12,"column":18},"end":{"line":14,"column":null}}},"3":{"name":"(anonymous_4)","decl":{"start":{"line":15,"column":19},"end":{"line":15,"column":null}},"loc":{"start":{"line":15,"column":19},"end":{"line":17,"column":null}}}},"branchMap":{"0":{"loc":{"start":{"line":9,"column":27},"end":{"line":9,"column":null}},"type":"binary-expr","locations":[{"start":{"line":9,"column":27},"end":{"line":9,"column":64}},{"start":{"line":9,"column":64},"end":{"line":9,"column":null}}]}},"s":{"0":2,"1":1,"2":1,"3":1,"4":2,"5":2,"6":2,"7":2,"8":2,"9":1,"10":1,"11":1},"f":{"0":2,"1":2,"2":1,"3":1},"b":{"0":[2,0]}}
,"C:\\Users\\Bahadir\\Desktop\\personal\\popup-generator\\components\\InputField.tsx": {"path":"C:\\Users\\Bahadir\\Desktop\\personal\\popup-generator\\components\\InputField.tsx","statementMap":{"0":{"start":{"line":36,"column":0},"end":{"line":36,"column":15}},"1":{"start":{"line":1,"column":47},"end":{"line":1,"column":null}},"2":{"start":{"line":11,"column":40},"end":{"line":34,"column":null}},"3":{"start":{"line":36,"column":15},"end":{"line":36,"column":null}}},"fnMap":{"0":{"name":"(anonymous_2)","decl":{"start":{"line":11,"column":40},"end":{"line":11,"column":41}},"loc":{"start":{"line":19,"column":1},"end":{"line":34,"column":null}}}},"branchMap":{"0":{"loc":{"start":{"line":14,"column":4},"end":{"line":14,"column":17}},"type":"default-arg","locations":[{"start":{"line":14,"column":11},"end":{"line":14,"column":17}}]}},"s":{"0":5,"1":3,"2":3,"3":3},"f":{"0":5},"b":{"0":[5]}}
,"C:\\Users\\Bahadir\\Desktop\\personal\\popup-generator\\components\\Popup.tsx": {"path":"C:\\Users\\Bahadir\\Desktop\\personal\\popup-generator\\components\\Popup.tsx","statementMap":{"0":{"start":{"line":58,"column":0},"end":{"line":58,"column":15}},"1":{"start":{"line":1,"column":33},"end":{"line":1,"column":null}},"2":{"start":{"line":2,"column":23},"end":{"line":2,"column":null}},"3":{"start":{"line":3,"column":26},"end":{"line":3,"column":null}},"4":{"start":{"line":4,"column":22},"end":{"line":4,"column":null}},"5":{"start":{"line":5,"column":14},"end":{"line":56,"column":null}},"6":{"start":{"line":6,"column":23},"end":{"line":6,"column":null}},"7":{"start":{"line":8,"column":23},"end":{"line":8,"column":null}},"8":{"start":{"line":18,"column":24},"end":{"line":18,"column":64}},"9":{"start":{"line":20,"column":20},"end":{"line":30,"column":null}},"10":{"start":{"line":21,"column":24},"end":{"line":23,"column":null}},"11":{"start":{"line":32,"column":20},"end":{"line":34,"column":null}},"12":{"start":{"line":58,"column":15},"end":{"line":58,"column":null}}},"fnMap":{"0":{"name":"(anonymous_2)","decl":{"start":{"line":5,"column":14},"end":{"line":5,"column":null}},"loc":{"start":{"line":5,"column":14},"end":{"line":56,"column":null}}},"1":{"name":"(anonymous_3)","decl":{"start":{"line":16,"column":32},"end":{"line":16,"column":33}},"loc":{"start":{"line":16,"column":33},"end":{"line":41,"column":null}}}},"branchMap":{"0":{"loc":{"start":{"line":20,"column":20},"end":{"line":30,"column":null}},"type":"if","locations":[{"start":{"line":20,"column":20},"end":{"line":30,"column":null}}]}},"s":{"0":1,"1":1,"2":1,"3":1,"4":1,"5":1,"6":1,"7":1,"8":4,"9":4,"10":1,"11":3,"12":1},"f":{"0":1,"1":4},"b":{"0":[1]}}
,"C:\\Users\\Bahadir\\Desktop\\personal\\popup-generator\\components\\SideSettings.tsx": {"path":"C:\\Users\\Bahadir\\Desktop\\personal\\popup-generator\\components\\SideSettings.tsx","statementMap":{"0":{"start":{"line":124,"column":0},"end":{"line":124,"column":15}},"1":{"start":{"line":1,"column":32},"end":{"line":1,"column":null}},"2":{"start":{"line":2,"column":23},"end":{"line":2,"column":null}},"3":{"start":{"line":3,"column":21},"end":{"line":3,"column":null}},"4":{"start":{"line":4,"column":22},"end":{"line":4,"column":null}},"5":{"start":{"line":5,"column":33},"end":{"line":5,"column":null}},"6":{"start":{"line":6,"column":25},"end":{"line":6,"column":null}},"7":{"start":{"line":7,"column":26},"end":{"line":7,"column":null}},"8":{"start":{"line":10,"column":15},"end":{"line":15,"column":null}},"9":{"start":{"line":16,"column":22},"end":{"line":20,"column":null}},"10":{"start":{"line":22,"column":20},"end":{"line":72,"column":null}},"11":{"start":{"line":23,"column":32},"end":{"line":23,"column":null}},"12":{"start":{"line":24,"column":44},"end":{"line":24,"column":null}},"13":{"start":{"line":26,"column":30},"end":{"line":33,"column":null}},"14":{"start":{"line":27,"column":21},"end":{"line":27,"column":34}},"15":{"start":{"line":28,"column":22},"end":{"line":28,"column":36}},"16":{"start":{"line":29,"column":8},"end":{"line":32,"column":null}},"17":{"start":{"line":43,"column":39},"end":{"line":43,"column":null}},"18":{"start":{"line":52,"column":28},"end":{"line":52,"column":53}},"19":{"start":{"line":74,"column":21},"end":{"line":122,"column":null}},"20":{"start":{"line":75,"column":23},"end":{"line":75,"column":null}},"21":{"start":{"line":76,"column":26},"end":{"line":76,"column":null}},"22":{"start":{"line":77,"column":19},"end":{"line":77,"column":null}},"23":{"start":{"line":79,"column":25},"end":{"line":103,"column":null}},"24":{"start":{"line":82,"column":8},"end":{"line":82,"column":null}},"25":{"start":{"line":84,"column":8},"end":{"line":102,"column":null}},"26":{"start":{"line":85,"column":29},"end":{"line":91,"column":null}},"27":{"start":{"line":93,"column":12},"end":{"line":99,"column":null}},"28":{"start":{"line":94,"column":16},"end":{"line":94,"column":null}},"29":{"start":{"line":95,"column":16},"end":{"line":95,"column":null}},"30":{"start":{"line":96,"column":16},"end":{"line":96,"column":null}},"31":{"start":{"line":98,"column":16},"end":{"line":98,"column":null}},"32":{"start":{"line":101,"column":12},"end":{"line":101,"column":null}},"33":{"start":{"line":111,"column":20},"end":{"line":111,"column":45}},"34":{"start":{"line":115,"column":32},"end":{"line":115,"column":null}},"35":{"start":{"line":124,"column":15},"end":{"line":124,"column":null}}},"fnMap":{"0":{"name":"(anonymous_5)","decl":{"start":{"line":22,"column":20},"end":{"line":22,"column":21}},"loc":{"start":{"line":22,"column":71},"end":{"line":72,"column":null}}},"1":{"name":"(anonymous_6)","decl":{"start":{"line":26,"column":30},"end":{"line":26,"column":31}},"loc":{"start":{"line":26,"column":31},"end":{"line":33,"column":null}}},"2":{"name":"(anonymous_7)","decl":{"start":{"line":43,"column":33},"end":{"line":43,"column":39}},"loc":{"start":{"line":43,"column":39},"end":{"line":43,"column":null}}},"3":{"name":"(anonymous_8)","decl":{"start":{"line":51,"column":43},"end":{"line":51,"column":44}},"loc":{"start":{"line":52,"column":28},"end":{"line":52,"column":53}}},"4":{"name":"(anonymous_9)","decl":{"start":{"line":74,"column":21},"end":{"line":74,"column":null}},"loc":{"start":{"line":74,"column":21},"end":{"line":122,"column":null}}},"5":{"name":"(anonymous_10)","decl":{"start":{"line":79,"column":25},"end":{"line":79,"column":null}},"loc":{"start":{"line":80,"column":8},"end":{"line":103,"column":null}}},"6":{"name":"(anonymous_11)","decl":{"start":{"line":110,"column":28},"end":{"line":110,"column":29}},"loc":{"start":{"line":111,"column":20},"end":{"line":111,"column":45}}},"7":{"name":"(anonymous_12)","decl":{"start":{"line":115,"column":25},"end":{"line":115,"column":26}},"loc":{"start":{"line":115,"column":32},"end":{"line":115,"column":null}}}},"branchMap":{"0":{"loc":{"start":{"line":46,"column":25},"end":{"line":46,"column":null}},"type":"cond-expr","locations":[{"start":{"line":46,"column":34},"end":{"line":46,"column":50}},{"start":{"line":46,"column":50},"end":{"line":46,"column":null}}]},"1":{"loc":{"start":{"line":49,"column":17},"end":{"line":68,"column":null}},"type":"cond-expr","locations":[{"start":{"line":50,"column":20},"end":{"line":68,"column":null}},{"start":{"line":68,"column":20},"end":{"line":68,"column":null}}]},"2":{"loc":{"start":{"line":93,"column":12},"end":{"line":99,"column":null}},"type":"if","locations":[{"start":{"line":93,"column":12},"end":{"line":99,"column":null}},{"start":{"line":97,"column":19},"end":{"line":99,"column":null}}]}},"s":{"0":3,"1":1,"2":1,"3":1,"4":1,"5":1,"6":1,"7":1,"8":1,"9":1,"10":1,"11":12,"12":12,"13":12,"14":0,"15":0,"16":0,"17":0,"18":0,"19":1,"20":3,"21":3,"22":3,"23":3,"24":3,"25":3,"26":3,"27":3,"28":1,"29":1,"30":1,"31":1,"32":1,"33":12,"34":3,"35":1},"f":{"0":12,"1":0,"2":0,"3":0,"4":3,"5":3,"6":12,"7":3},"b":{"0":[0,12],"1":[0,12],"2":[1,1]}}
,"C:\\Users\\Bahadir\\Desktop\\personal\\popup-generator\\components\\Toast.tsx": {"path":"C:\\Users\\Bahadir\\Desktop\\personal\\popup-generator\\components\\Toast.tsx","statementMap":{"0":{"start":{"line":31,"column":0},"end":{"line":31,"column":15}},"1":{"start":{"line":1,"column":25},"end":{"line":1,"column":null}},"2":{"start":{"line":2,"column":22},"end":{"line":2,"column":null}},"3":{"start":{"line":3,"column":24},"end":{"line":29,"column":null}},"4":{"start":{"line":4,"column":50},"end":{"line":4,"column":null}},"5":{"start":{"line":6,"column":4},"end":{"line":6,"column":null}},"6":{"start":{"line":6,"column":17},"end":{"line":6,"column":null}},"7":{"start":{"line":8,"column":28},"end":{"line":8,"column":null}},"8":{"start":{"line":31,"column":15},"end":{"line":31,"column":null}}},"fnMap":{"0":{"name":"(anonymous_2)","decl":{"start":{"line":3,"column":24},"end":{"line":3,"column":null}},"loc":{"start":{"line":3,"column":24},"end":{"line":29,"column":null}}}},"branchMap":{"0":{"loc":{"start":{"line":6,"column":4},"end":{"line":6,"column":null}},"type":"if","locations":[{"start":{"line":6,"column":4},"end":{"line":6,"column":null}}]},"1":{"loc":{"start":{"line":8,"column":28},"end":{"line":8,"column":null}},"type":"cond-expr","locations":[{"start":{"line":8,"column":47},"end":{"line":8,"column":62}},{"start":{"line":8,"column":62},"end":{"line":8,"column":null}}]},"2":{"loc":{"start":{"line":18,"column":21},"end":{"line":18,"column":null}},"type":"binary-expr","locations":[{"start":{"line":18,"column":21},"end":{"line":18,"column":44}},{"start":{"line":18,"column":44},"end":{"line":18,"column":null}}]}},"s":{"0":2,"1":1,"2":1,"3":1,"4":2,"5":2,"6":1,"7":1,"8":1},"f":{"0":2},"b":{"0":[1],"1":[1,0],"2":[1,0]}}
,"C:\\Users\\Bahadir\\Desktop\\personal\\popup-generator\\components\\icons\\CloseIcon.tsx": {"path":"C:\\Users\\Bahadir\\Desktop\\personal\\popup-generator\\components\\icons\\CloseIcon.tsx","statementMap":{"0":{"start":{"line":20,"column":0},"end":{"line":20,"column":15}},"1":{"start":{"line":1,"column":18},"end":{"line":18,"column":null}},"2":{"start":{"line":20,"column":15},"end":{"line":20,"column":null}}},"fnMap":{"0":{"name":"(anonymous_1)","decl":{"start":{"line":1,"column":18},"end":{"line":1,"column":null}},"loc":{"start":{"line":1,"column":18},"end":{"line":18,"column":null}}}},"branchMap":{},"s":{"0":2,"1":2,"2":2},"f":{"0":2},"b":{}}
,"C:\\Users\\Bahadir\\Desktop\\personal\\popup-generator\\components\\icons\\MinusIcon.tsx": {"path":"C:\\Users\\Bahadir\\Desktop\\personal\\popup-generator\\components\\icons\\MinusIcon.tsx","statementMap":{"0":{"start":{"line":20,"column":0},"end":{"line":20,"column":15}},"1":{"start":{"line":1,"column":18},"end":{"line":18,"column":null}},"2":{"start":{"line":20,"column":15},"end":{"line":20,"column":null}}},"fnMap":{"0":{"name":"(anonymous_1)","decl":{"start":{"line":1,"column":18},"end":{"line":1,"column":null}},"loc":{"start":{"line":1,"column":18},"end":{"line":18,"column":null}}}},"branchMap":{},"s":{"0":0,"1":1,"2":1},"f":{"0":0},"b":{}}
,"C:\\Users\\Bahadir\\Desktop\\personal\\popup-generator\\components\\icons\\PlusIcon.tsx": {"path":"C:\\Users\\Bahadir\\Desktop\\personal\\popup-generator\\components\\icons\\PlusIcon.tsx","statementMap":{"0":{"start":{"line":20,"column":0},"end":{"line":20,"column":15}},"1":{"start":{"line":1,"column":17},"end":{"line":18,"column":null}},"2":{"start":{"line":20,"column":15},"end":{"line":20,"column":null}}},"fnMap":{"0":{"name":"(anonymous_1)","decl":{"start":{"line":1,"column":17},"end":{"line":1,"column":null}},"loc":{"start":{"line":1,"column":17},"end":{"line":18,"column":null}}}},"branchMap":{},"s":{"0":12,"1":1,"2":1},"f":{"0":12},"b":{}}
,"C:\\Users\\Bahadir\\Desktop\\personal\\popup-generator\\context\\fieldSettingsContext.tsx": {"path":"C:\\Users\\Bahadir\\Desktop\\personal\\popup-generator\\context\\fieldSettingsContext.tsx","statementMap":{"0":{"start":{"line":46,"column":13},"end":{"line":46,"column":34}},"1":{"start":{"line":66,"column":13},"end":{"line":66,"column":29}},"2":{"start":{"line":1,"column":63},"end":{"line":1,"column":null}},"3":{"start":{"line":21,"column":28},"end":{"line":31,"column":null}},"4":{"start":{"line":22,"column":31},"end":{"line":22,"column":null}},"5":{"start":{"line":23,"column":4},"end":{"line":29,"column":null}},"6":{"start":{"line":24,"column":8},"end":{"line":28,"column":null}},"7":{"start":{"line":30,"column":4},"end":{"line":30,"column":null}},"8":{"start":{"line":33,"column":19},"end":{"line":38,"column":null}},"9":{"start":{"line":39,"column":22},"end":{"line":39,"column":null}},"10":{"start":{"line":41,"column":29},"end":{"line":44,"column":null}},"11":{"start":{"line":46,"column":37},"end":{"line":64,"column":null}},"12":{"start":{"line":47,"column":32},"end":{"line":47,"column":null}},"13":{"start":{"line":49,"column":32},"end":{"line":57,"column":null}},"14":{"start":{"line":53,"column":8},"end":{"line":56,"column":null}},"15":{"start":{"line":66,"column":32},"end":{"line":74,"column":null}},"16":{"start":{"line":67,"column":20},"end":{"line":67,"column":null}},"17":{"start":{"line":68,"column":4},"end":{"line":72,"column":null}},"18":{"start":{"line":69,"column":8},"end":{"line":70,"column":null}},"19":{"start":{"line":73,"column":4},"end":{"line":73,"column":null}}},"fnMap":{"0":{"name":"(anonymous_6)","decl":{"start":{"line":21,"column":28},"end":{"line":21,"column":29}},"loc":{"start":{"line":21,"column":29},"end":{"line":31,"column":null}}},"1":{"name":"(anonymous_7)","decl":{"start":{"line":23,"column":23},"end":{"line":23,"column":24}},"loc":{"start":{"line":23,"column":24},"end":{"line":29,"column":null}}},"2":{"name":"(anonymous_8)","decl":{"start":{"line":43,"column":25},"end":{"line":43,"column":32}},"loc":{"start":{"line":43,"column":25},"end":{"line":43,"column":null}}},"3":{"name":"(anonymous_9)","decl":{"start":{"line":46,"column":37},"end":{"line":46,"column":38}},"loc":{"start":{"line":46,"column":57},"end":{"line":64,"column":null}}},"4":{"name":"(anonymous_10)","decl":{"start":{"line":49,"column":32},"end":{"line":49,"column":null}},"loc":{"start":{"line":51,"column":8},"end":{"line":57,"column":null}}},"5":{"name":"(anonymous_11)","decl":{"start":{"line":66,"column":32},"end":{"line":66,"column":null}},"loc":{"start":{"line":66,"column":32},"end":{"line":74,"column":null}}}},"branchMap":{"0":{"loc":{"start":{"line":68,"column":4},"end":{"line":72,"column":null}},"type":"if","locations":[{"start":{"line":68,"column":4},"end":{"line":72,"column":null}}]}},"s":{"0":4,"1":15,"2":2,"3":2,"4":2,"5":2,"6":8,"7":2,"8":2,"9":2,"10":2,"11":2,"12":4,"13":4,"14":0,"15":2,"16":15,"17":15,"18":0,"19":15},"f":{"0":2,"1":8,"2":0,"3":4,"4":0,"5":15},"b":{"0":[0]}}
,"C:\\Users\\Bahadir\\Desktop\\personal\\popup-generator\\context\\toastContext.tsx": {"path":"C:\\Users\\Bahadir\\Desktop\\personal\\popup-generator\\context\\toastContext.tsx","statementMap":{"0":{"start":{"line":19,"column":13},"end":{"line":19,"column":26}},"1":{"start":{"line":46,"column":13},"end":{"line":46,"column":21}},"2":{"start":{"line":1,"column":59},"end":{"line":1,"column":null}},"3":{"start":{"line":17,"column":21},"end":{"line":17,"column":null}},"4":{"start":{"line":19,"column":29},"end":{"line":44,"column":null}},"5":{"start":{"line":20,"column":32},"end":{"line":20,"column":null}},"6":{"start":{"line":21,"column":34},"end":{"line":21,"column":null}},"7":{"start":{"line":22,"column":28},"end":{"line":22,"column":null}},"8":{"start":{"line":24,"column":22},"end":{"line":30,"column":null}},"9":{"start":{"line":25,"column":8},"end":{"line":25,"column":null}},"10":{"start":{"line":26,"column":8},"end":{"line":28,"column":null}},"11":{"start":{"line":27,"column":12},"end":{"line":27,"column":null}},"12":{"start":{"line":29,"column":8},"end":{"line":29,"column":null}},"13":{"start":{"line":32,"column":23},"end":{"line":35,"column":null}},"14":{"start":{"line":33,"column":8},"end":{"line":33,"column":null}},"15":{"start":{"line":34,"column":8},"end":{"line":34,"column":null}},"16":{"start":{"line":46,"column":24},"end":{"line":52,"column":null}},"17":{"start":{"line":47,"column":20},"end":{"line":47,"column":null}},"18":{"start":{"line":48,"column":4},"end":{"line":50,"column":null}},"19":{"start":{"line":49,"column":8},"end":{"line":49,"column":null}},"20":{"start":{"line":51,"column":4},"end":{"line":51,"column":null}}},"fnMap":{"0":{"name":"(anonymous_6)","decl":{"start":{"line":19,"column":29},"end":{"line":19,"column":30}},"loc":{"start":{"line":19,"column":49},"end":{"line":44,"column":null}}},"1":{"name":"(anonymous_7)","decl":{"start":{"line":24,"column":22},"end":{"line":24,"column":23}},"loc":{"start":{"line":24,"column":40},"end":{"line":30,"column":null}}},"2":{"name":"(anonymous_8)","decl":{"start":{"line":32,"column":23},"end":{"line":32,"column":null}},"loc":{"start":{"line":32,"column":23},"end":{"line":35,"column":null}}},"3":{"name":"(anonymous_9)","decl":{"start":{"line":46,"column":24},"end":{"line":46,"column":null}},"loc":{"start":{"line":46,"column":24},"end":{"line":52,"column":null}}}},"branchMap":{"0":{"loc":{"start":{"line":26,"column":8},"end":{"line":28,"column":null}},"type":"if","locations":[{"start":{"line":26,"column":8},"end":{"line":28,"column":null}}]},"1":{"loc":{"start":{"line":48,"column":4},"end":{"line":50,"column":null}},"type":"if","locations":[{"start":{"line":48,"column":4},"end":{"line":50,"column":null}}]}},"s":{"0":2,"1":4,"2":2,"3":2,"4":2,"5":3,"6":3,"7":3,"8":3,"9":1,"10":1,"11":1,"12":1,"13":3,"14":0,"15":0,"16":2,"17":4,"18":4,"19":0,"20":4},"f":{"0":3,"1":1,"2":0,"3":4},"b":{"0":[1],"1":[0]}}
}
