TN:
SF:app\page.tsx
FN:5,Home
FNF:1
FNH:1
FNDA:1,Home
DA:2,1
DA:3,1
DA:5,1
LF:3
LH:3
BRF:0
BRH:0
end_of_record
TN:
SF:app\generate-popup\page.tsx
FN:5,Page
FNF:1
FNH:1
FNDA:1,Page
DA:2,1
DA:3,1
DA:5,1
LF:3
LH:3
BRF:0
BRH:0
end_of_record
TN:
SF:components\CheckboxField.tsx
FN:9,(anonymous_1)
FNF:1
FNH:1
FNDA:4,(anonymous_1)
DA:9,2
DA:16,4
DA:33,4
LF:3
LH:3
BRDA:26,0,0,4
BRF:1
BRH:1
end_of_record
TN:
SF:components\CodeBlock.tsx
FN:4,(anonymous_1)
FN:8,(anonymous_2)
FN:12,(anonymous_3)
FN:15,(anonymous_4)
FNF:4
FNH:4
FNDA:2,(anonymous_1)
FNDA:2,(anonymous_2)
FNDA:1,(anonymous_3)
FNDA:1,(anonymous_4)
DA:1,1
DA:2,1
DA:4,1
DA:5,2
DA:6,2
DA:8,2
DA:9,2
DA:10,2
DA:13,1
DA:16,1
DA:43,2
LF:11
LH:11
BRDA:9,0,0,2
BRDA:9,0,1,0
BRF:2
BRH:1
end_of_record
TN:
SF:components\InputField.tsx
FN:11,(anonymous_2)
FNF:1
FNH:1
FNDA:5,(anonymous_2)
DA:1,3
DA:11,3
DA:36,5
LF:3
LH:3
BRDA:14,0,0,5
BRF:1
BRH:1
end_of_record
TN:
SF:components\Popup.tsx
FN:5,(anonymous_2)
FN:16,(anonymous_3)
FNF:2
FNH:2
FNDA:1,(anonymous_2)
FNDA:4,(anonymous_3)
DA:1,1
DA:2,1
DA:3,1
DA:4,1
DA:5,1
DA:6,1
DA:8,1
DA:18,4
DA:20,4
DA:21,1
DA:32,3
DA:58,1
LF:12
LH:12
BRDA:20,0,0,1
BRF:1
BRH:1
end_of_record
TN:
SF:components\SideSettings.tsx
FN:22,(anonymous_5)
FN:26,(anonymous_6)
FN:43,(anonymous_7)
FN:51,(anonymous_8)
FN:74,(anonymous_9)
FN:79,(anonymous_10)
FN:110,(anonymous_11)
FN:115,(anonymous_12)
FNF:8
FNH:5
FNDA:12,(anonymous_5)
FNDA:0,(anonymous_6)
FNDA:0,(anonymous_7)
FNDA:0,(anonymous_8)
FNDA:3,(anonymous_9)
FNDA:3,(anonymous_10)
FNDA:12,(anonymous_11)
FNDA:3,(anonymous_12)
DA:1,1
DA:2,1
DA:3,1
DA:4,1
DA:5,1
DA:6,1
DA:7,1
DA:10,1
DA:16,1
DA:22,1
DA:23,12
DA:24,12
DA:26,12
DA:27,0
DA:28,0
DA:29,0
DA:43,0
DA:52,0
DA:74,1
DA:75,3
DA:76,3
DA:77,3
DA:79,3
DA:82,3
DA:84,3
DA:85,3
DA:93,3
DA:94,1
DA:95,1
DA:96,1
DA:98,1
DA:101,1
DA:111,12
DA:115,3
DA:124,3
LF:35
LH:30
BRDA:46,0,0,0
BRDA:46,0,1,12
BRDA:49,1,0,0
BRDA:49,1,1,12
BRDA:93,2,0,1
BRDA:93,2,1,1
BRF:6
BRH:4
end_of_record
TN:
SF:components\Toast.tsx
FN:3,(anonymous_2)
FNF:1
FNH:1
FNDA:2,(anonymous_2)
DA:1,1
DA:2,1
DA:3,1
DA:4,2
DA:6,2
DA:8,1
DA:31,2
LF:7
LH:7
BRDA:6,0,0,1
BRDA:8,1,0,1
BRDA:8,1,1,0
BRDA:18,2,0,1
BRDA:18,2,1,0
BRF:5
BRH:3
end_of_record
TN:
SF:components\icons\CloseIcon.tsx
FN:1,(anonymous_1)
FNF:1
FNH:1
FNDA:2,(anonymous_1)
DA:1,2
DA:20,2
LF:2
LH:2
BRF:0
BRH:0
end_of_record
TN:
SF:components\icons\MinusIcon.tsx
FN:1,(anonymous_1)
FNF:1
FNH:0
FNDA:0,(anonymous_1)
DA:1,1
DA:20,1
LF:2
LH:2
BRF:0
BRH:0
end_of_record
TN:
SF:components\icons\PlusIcon.tsx
FN:1,(anonymous_1)
FNF:1
FNH:1
FNDA:12,(anonymous_1)
DA:1,1
DA:20,12
LF:2
LH:2
BRF:0
BRH:0
end_of_record
TN:
SF:context\fieldSettingsContext.tsx
FN:21,(anonymous_6)
FN:23,(anonymous_7)
FN:43,(anonymous_8)
FN:46,(anonymous_9)
FN:49,(anonymous_10)
FN:66,(anonymous_11)
FNF:6
FNH:4
FNDA:2,(anonymous_6)
FNDA:8,(anonymous_7)
FNDA:0,(anonymous_8)
FNDA:4,(anonymous_9)
FNDA:0,(anonymous_10)
FNDA:15,(anonymous_11)
DA:1,2
DA:21,2
DA:22,2
DA:23,2
DA:24,8
DA:30,2
DA:33,2
DA:39,2
DA:41,2
DA:46,4
DA:47,4
DA:49,4
DA:53,0
DA:66,15
DA:67,15
DA:68,15
DA:69,0
DA:73,15
LF:18
LH:16
BRDA:68,0,0,0
BRF:1
BRH:0
end_of_record
TN:
SF:context\toastContext.tsx
FN:19,(anonymous_6)
FN:24,(anonymous_7)
FN:32,(anonymous_8)
FN:46,(anonymous_9)
FNF:4
FNH:3
FNDA:3,(anonymous_6)
FNDA:1,(anonymous_7)
FNDA:0,(anonymous_8)
FNDA:4,(anonymous_9)
DA:1,2
DA:17,2
DA:19,2
DA:20,3
DA:21,3
DA:22,3
DA:24,3
DA:25,1
DA:26,1
DA:27,1
DA:29,1
DA:32,3
DA:33,0
DA:34,0
DA:46,4
DA:47,4
DA:48,4
DA:49,0
DA:51,4
LF:19
LH:16
BRDA:26,0,0,1
BRDA:48,1,0,0
BRF:2
BRH:1
end_of_record
